Using pre-set license
Built from '2020.3/staging' branch; Version is '2020.3.8f1 (507919d4fff5) revision 5273881'; Using compiler version '192528614'; Build Type 'Release'
OS: 'Windows 10 Pro; OS build 19042.1165; Version 2009; 64bit' Language: 'en' Physical Memory: 8067 MB
BatchMode: 1, IsHumanControllingUs: 0, StartBugReporterOnCrash: 0, Is64bit: 1, IsPro: 0

 COMMAND LINE ARGUMENTS:
C:\Program Files\2020.3.8f1\Editor\Unity.exe
-adb2
-batchMode
-noUpm
-name
AssetImportWorker0
-projectPath
E:/Unity games/PixelBug/Menu1
-logFile
Logs/AssetImportWorker0.log
-srvPort
51275
Successfully changed project path to: E:/Unity games/PixelBug/Menu1
E:/Unity games/PixelBug/Menu1
Using Asset Import Pipeline V2.
Refreshing native plugins compatible for Editor in 40.84 ms, found 1 plugins.
Preloading 0 native plugins for Editor in 0.00 ms.
Initialize engine version: 2020.3.8f1 (507919d4fff5)
[Subsystems] Discovering subsystems at path C:/Program Files/2020.3.8f1/Editor/Data/Resources/UnitySubsystems
[Subsystems] Discovering subsystems at path E:/Unity games/PixelBug/Menu1/Assets
GfxDevice: creating device client; threaded=0
Direct3D:
    Version:  Direct3D 11.0 [level 11.1]
    Renderer: NVIDIA GeForce MX150 (ID=0x1d10)
    Vendor:   
    VRAM:     1983 MB
    Driver:   30.0.14.7111
Initialize mono
Mono path[0] = 'C:/Program Files/2020.3.8f1/Editor/Data/Managed'
Mono path[1] = 'C:/Program Files/2020.3.8f1/Editor/Data/MonoBleedingEdge/lib/mono/unityjit'
Mono config path = 'C:/Program Files/2020.3.8f1/Editor/Data/MonoBleedingEdge/etc'
Using monoOptions --debugger-agent=transport=dt_socket,embedding=1,server=y,suspend=n,address=127.0.0.1:56336
Begin MonoManager ReloadAssembly
Registering precompiled unity dll's ...
Register platform support module: C:/Program Files/2020.3.8f1/Editor/Data/PlaybackEngines/WindowsStandaloneSupport/UnityEditor.WindowsStandalone.Extensions.dll
Registered in 0.001939 seconds.
Native extension for WindowsStandalone target not found
Refreshing native plugins compatible for Editor in 40.50 ms, found 1 plugins.
Preloading 0 native plugins for Editor in 0.00 ms.
Mono: successfully reloaded assembly
- Completed reload, in  2.246 seconds
Platform modules already initialized, skipping
Registering precompiled user dll's ...
Registered in 0.000825 seconds.
Begin MonoManager ReloadAssembly
Native extension for WindowsStandalone target not found
Refreshing native plugins compatible for Editor in 40.07 ms, found 1 plugins.
Preloading 0 native plugins for Editor in 0.00 ms.
Mono: successfully reloaded assembly
- Completed reload, in  1.041 seconds
Platform modules already initialized, skipping
========================================================================
Worker process is ready to serve import requests
Launched and connected shader compiler UnityShaderCompiler.exe after 0.04 seconds
Refreshing native plugins compatible for Editor in 0.37 ms, found 1 plugins.
Preloading 0 native plugins for Editor in 0.00 ms.
Unloading 1861 Unused Serialized files (Serialized files now loaded: 0)
System memory in use before: 88.3 MB.
System memory in use after: 88.3 MB.

Unloading 24 unused Assets to reduce memory usage. Loaded Objects now: 2304.
Total: 2.164100 ms (FindLiveObjects: 0.282300 ms CreateObjectMapping: 0.100600 ms MarkObjects: 1.650900 ms  DeleteObjects: 0.129400 ms)

========================================================================
Received Import Request.
  path: Assets/Animator
  artifactKey: Guid(3b4c8d5e07e129e4c825818609f31fb5) Importer(815301076,1909f56bfc062723c751e8b465ee728b)
Start importing Assets/Animator using Guid(3b4c8d5e07e129e4c825818609f31fb5) Importer(815301076,1909f56bfc062723c751e8b465ee728b)  -> (artifact id: 'dcf15b68bd4620634d4abbbc0dc25a1a') in 0.009329 seconds
  Import took 0.012109 seconds .

========================================================================
Received Import Request.
  Time since last request: 18.959957 seconds.
  path: Assets/Animator/BackPanel.anim
  artifactKey: Guid(ca7c41c3166322043b98eb18464039dd) Importer(815301076,1909f56bfc062723c751e8b465ee728b)
Start importing Assets/Animator/BackPanel.anim using Guid(ca7c41c3166322043b98eb18464039dd) Importer(815301076,1909f56bfc062723c751e8b465ee728b)  -> (artifact id: '59b0980847134accbd69bd663734396d') in 0.088182 seconds
  Import took 0.091478 seconds .

========================================================================
Received Import Request.
  Time since last request: 9.851566 seconds.
  path: Assets/Animator/New Animator Controller.controller
  artifactKey: Guid(b6303ea9e77b606448ba7441b53f249b) Importer(815301076,1909f56bfc062723c751e8b465ee728b)
Start importing Assets/Animator/New Animator Controller.controller using Guid(b6303ea9e77b606448ba7441b53f249b) Importer(815301076,1909f56bfc062723c751e8b465ee728b)  -> (artifact id: '277f053ae12a26a5bd1cdba61fadd135') in 0.008442 seconds
  Import took 0.011432 seconds .

========================================================================
Received Import Request.
  Time since last request: 36.108077 seconds.
  path: Assets/Animator/Star1.anim
  artifactKey: Guid(d4214b8c1e6801747bc47e1f55fa05da) Importer(815301076,1909f56bfc062723c751e8b465ee728b)
Start importing Assets/Animator/Star1.anim using Guid(d4214b8c1e6801747bc47e1f55fa05da) Importer(815301076,1909f56bfc062723c751e8b465ee728b)  -> (artifact id: 'fb446f33ee8fb39f6e48bf5b112c915f') in 0.006066 seconds
  Import took 0.009742 seconds .

========================================================================
Received Import Request.
  Time since last request: 7.352201 seconds.
  path: Assets/Animator/Star2.anim
  artifactKey: Guid(12510a233bcb42d4b9a711753f5fab2a) Importer(815301076,1909f56bfc062723c751e8b465ee728b)
Start importing Assets/Animator/Star2.anim using Guid(12510a233bcb42d4b9a711753f5fab2a) Importer(815301076,1909f56bfc062723c751e8b465ee728b)  -> (artifact id: 'ca40be3505735933d67322409e88cb0e') in 0.006661 seconds
  Import took 0.009823 seconds .

========================================================================
Received Import Request.
  Time since last request: 0.000805 seconds.
  path: Assets/Animator/Star2.anim
  artifactKey: Guid(12510a233bcb42d4b9a711753f5fab2a) Importer(815301076,1909f56bfc062723c751e8b465ee728b)
Start importing Assets/Animator/Star2.anim using Guid(12510a233bcb42d4b9a711753f5fab2a) Importer(815301076,1909f56bfc062723c751e8b465ee728b)  -> (artifact id: 'ca40be3505735933d67322409e88cb0e') in 0.002610 seconds
  Import took 0.005597 seconds .

========================================================================
Received Import Request.
  Time since last request: 6.230267 seconds.
  path: Assets/Animator/Star3.anim
  artifactKey: Guid(6c60f7ed26af0d3449e963e662ad5116) Importer(815301076,1909f56bfc062723c751e8b465ee728b)
Start importing Assets/Animator/Star3.anim using Guid(6c60f7ed26af0d3449e963e662ad5116) Importer(815301076,1909f56bfc062723c751e8b465ee728b)  -> (artifact id: '1a48b7238be0178fefdc0196ee9c9f0a') in 0.006067 seconds
  Import took 0.009699 seconds .

========================================================================
Received Import Request.
  Time since last request: 12.124169 seconds.
  path: Assets/Animator/Score.anim
  artifactKey: Guid(04b0f965edd12b843a75bf8ab889182d) Importer(815301076,1909f56bfc062723c751e8b465ee728b)
Start importing Assets/Animator/Score.anim using Guid(04b0f965edd12b843a75bf8ab889182d) Importer(815301076,1909f56bfc062723c751e8b465ee728b)  -> (artifact id: '324f514b853ea09dc513baaba9964465') in 0.005932 seconds
  Import took 0.009008 seconds .

========================================================================
Received Import Request.
  Time since last request: 0.003147 seconds.
  path: Assets/Animator/Score.anim
  artifactKey: Guid(04b0f965edd12b843a75bf8ab889182d) Importer(815301076,1909f56bfc062723c751e8b465ee728b)
Start importing Assets/Animator/Score.anim using Guid(04b0f965edd12b843a75bf8ab889182d) Importer(815301076,1909f56bfc062723c751e8b465ee728b)  -> (artifact id: '324f514b853ea09dc513baaba9964465') in 0.002164 seconds
  Import took 0.021237 seconds .

========================================================================
Received Import Request.
  Time since last request: 22.449134 seconds.
  path: Assets/Animator/ReplayButton.anim
  artifactKey: Guid(9387d0279f5d32d4e9e7c43923e7da41) Importer(815301076,1909f56bfc062723c751e8b465ee728b)
Start importing Assets/Animator/ReplayButton.anim using Guid(9387d0279f5d32d4e9e7c43923e7da41) Importer(815301076,1909f56bfc062723c751e8b465ee728b)  -> (artifact id: 'c65ae30218d7bd6dc77376d931928854') in 0.006377 seconds
  Import took 0.009397 seconds .

========================================================================
Received Import Request.
  Time since last request: 16.416114 seconds.
  path: Assets/Animator/Levelsuccess.anim
  artifactKey: Guid(aed23f66c532d4344b737320d9c46b76) Importer(815301076,1909f56bfc062723c751e8b465ee728b)
Start importing Assets/Animator/Levelsuccess.anim using Guid(aed23f66c532d4344b737320d9c46b76) Importer(815301076,1909f56bfc062723c751e8b465ee728b)  -> (artifact id: '74fee1b9adbbd9bc9e22b2c4be33d9e2') in 0.006204 seconds
  Import took 0.009517 seconds .

========================================================================
Received Import Request.
  Time since last request: 9.277626 seconds.
  path: Assets/Animator/Time.anim
  artifactKey: Guid(0bdcffc2d15c4494c960aae715064b43) Importer(815301076,1909f56bfc062723c751e8b465ee728b)
Start importing Assets/Animator/Time.anim using Guid(0bdcffc2d15c4494c960aae715064b43) Importer(815301076,1909f56bfc062723c751e8b465ee728b)  -> (artifact id: '5ff5e3f5a316bea47bc42f6efc76afed') in 0.006516 seconds
  Import took 0.009478 seconds .

========================================================================
Received Import Request.
  Time since last request: 9.394281 seconds.
  path: Assets/Animator/Energy.anim
  artifactKey: Guid(c8eddf3caaae8e44f8d67665984507c3) Importer(815301076,1909f56bfc062723c751e8b465ee728b)
Start importing Assets/Animator/Energy.anim using Guid(c8eddf3caaae8e44f8d67665984507c3) Importer(815301076,1909f56bfc062723c751e8b465ee728b)  -> (artifact id: '73c32e47f6658abeb46f31b8e818a6c2') in 0.006749 seconds
  Import took 0.010233 seconds .

========================================================================
Received Import Request.
  Time since last request: 0.000883 seconds.
  path: Assets/Animator/Energy.anim
  artifactKey: Guid(c8eddf3caaae8e44f8d67665984507c3) Importer(815301076,1909f56bfc062723c751e8b465ee728b)
Start importing Assets/Animator/Energy.anim using Guid(c8eddf3caaae8e44f8d67665984507c3) Importer(815301076,1909f56bfc062723c751e8b465ee728b)  -> (artifact id: '73c32e47f6658abeb46f31b8e818a6c2') in 0.009123 seconds
  Import took 0.012366 seconds .

AssetImportWorkerClient::OnTransportError - code=2 error=End of file
